<?xml version="1.0" encoding="UTF-8"?>
<!-- Generated by org.testng.reporters.JUnitReportReporter -->
<testsuite hostname="Mac" failures="0" tests="1" name="testcases.TC001_LoginTest" time="24.411" errors="0" timestamp="2024-10-30T20:20:54 EDT" skipped="0">
  <testcase classname="testcases.TC001_LoginTest" name="verify_login" time="24.411"/>
</testsuite> <!-- testcases.TC001_LoginTest -->
